  9.750 ms (436 allocations: 22.16 KiB)
Test Summary:                           |
OMEinsum with none CuArray{ComplexF64}  | No tests
  3.517 ms (4714 allocations: 251.78 KiB)       
Test Summary:                         |
OMEinsum with Z2 CuArray{ComplexF64}  | No tests

  402.930 ms (14510 allocations: 833.05 KiB)
  142.248 ms (6826 allocations: 368.53 KiB)       
Test Summary:                           |
KrylovKit with none CuArray{ComplexF64} | No tests
  377.374 ms (171065 allocations: 8.48 MiB)
  102.048 ms (69686 allocations: 3.59 MiB)      
Test Summary:                         |
KrylovKit with Z2 CuArray{ComplexF64} | No tests

  1.776 ms (143 allocations: 6.94 KiB)
  2.665 ms (187 allocations: 2.53 MiB)
Test Summary:                           |
qr and lq with none CuArray{ComplexF64} | No tests
  1.768 ms (750 allocations: 37.12 KiB)
  2.484 ms (894 allocations: 1.30 MiB)
Test Summary:                         |
qr and lq with Z2 CuArray{ComplexF64} | No tests

  1.718 s (354442 allocations: 23.39 MiB)
  1.672 s (329693 allocations: 21.44 MiB)
Test Summary:                                        |
leftorth and rightorth with none CuArray{ComplexF64} | No tests
  3.758 s (1941436 allocations: 93.25 MiB)
  3.784 s (1942929 allocations: 93.33 MiB)
Test Summary:                                      |
leftorth and rightorth with Z2 CuArray{ComplexF64} | No tests

  3.022 s (118890 allocations: 8.65 MiB)
  3.002 s (143454 allocations: 9.67 MiB)
Test Summary:                                      |
leftenv and rightenv with none CuArray{ComplexF64} | No tests
  1.987 s (1296997 allocations: 68.97 MiB)
  1.974 s (1380859 allocations: 72.86 MiB)
Test Summary:                                    |
leftenv and rightenv with Z2 CuArray{ComplexF64} | No tests

  3.014 s (114422 allocations: 5.99 MiB)
  306.910 ms (78626 allocations: 4.34 MiB)
Test Summary:                                |
ACenv and Cenv with none CuArray{ComplexF64} | No tests
  2.127 s (1274990 allocations: 64.38 MiB)
  780.901 ms (577398 allocations: 28.76 MiB)
Test Summary:                              |
ACenv and Cenv with Z2 CuArray{ComplexF64} | No tests